2015-12-09 17:44:36,821 [main] INFO  c.g.t.t.d.PublishedGradleVersions - Gradle version information cache file is not available. Remote download required.
2016-01-06 16:31:08,747 [Start Help Server] INFO  org.eclipse.jetty.util.log - Logging initialized @387342ms
2016-01-06 16:31:09,127 [Start Help Server] INFO  org.eclipse.jetty.server.Server - jetty-9.2.13.v20150730
2016-01-06 16:31:09,239 [Start Help Server] INFO  o.e.j.server.handler.ContextHandler - Started o.e.j.s.ServletContextHandler@51bf10f6{/help,null,AVAILABLE}
2016-01-06 16:31:09,281 [Start Help Server] INFO  o.e.jetty.server.ServerConnector - Started ServerConnector@2aa204b0{HTTP/1.1}{127.0.0.1:54547}
2016-01-06 16:31:09,282 [Start Help Server] INFO  org.eclipse.jetty.server.Server - Started @387894ms
2016-01-06 16:31:12,972 [main] INFO  c.g.t.t.d.PublishedGradleVersions - Gradle version information cache file is out-of-date. Remote download required.
2016-01-06 17:34:29,755 [Stop Help Server] INFO  o.e.jetty.server.ServerConnector - Stopped ServerConnector@2aa204b0{HTTP/1.1}{127.0.0.1:0}
2016-01-06 17:34:29,783 [Stop Help Server] INFO  o.e.j.server.handler.ContextHandler - Stopped o.e.j.s.ServletContextHandler@51bf10f6{/help,null,UNAVAILABLE}
2016-01-06 17:57:14,042 [main] INFO  c.g.t.t.d.PublishedGradleVersions - Gradle version information cache file is not out-of-date. No remote download required.
2016-01-06 18:02:02,845 [main] INFO  c.g.t.t.d.PublishedGradleVersions - Gradle version information cache file is not out-of-date. No remote download required.
2016-01-06 18:06:36,865 [main] INFO  c.g.t.t.d.PublishedGradleVersions - Gradle version information cache file is not out-of-date. No remote download required.
2016-01-06 18:22:27,128 [main] INFO  c.g.t.t.d.PublishedGradleVersions - Gradle version information cache file is not out-of-date. No remote download required.
2016-01-06 18:33:03,882 [main] INFO  c.g.t.t.d.PublishedGradleVersions - Gradle version information cache file is not out-of-date. No remote download required.
2016-01-07 17:11:18,476 [main] INFO  c.g.t.t.d.PublishedGradleVersions - Gradle version information cache file is out-of-date. Remote download required.
2016-01-07 17:11:21,888 [Start Help Server] INFO  org.eclipse.jetty.util.log - Logging initialized @743607ms
2016-01-07 17:11:22,129 [Start Help Server] INFO  org.eclipse.jetty.server.Server - jetty-9.2.13.v20150730
2016-01-07 17:11:22,265 [Start Help Server] INFO  o.e.j.server.handler.ContextHandler - Started o.e.j.s.ServletContextHandler@486ee98e{/help,null,AVAILABLE}
2016-01-07 17:11:22,449 [Start Help Server] INFO  o.e.jetty.server.ServerConnector - Started ServerConnector@661e09f6{HTTP/1.1}{127.0.0.1:65519}
2016-01-07 17:11:22,451 [Start Help Server] INFO  org.eclipse.jetty.server.Server - Started @744170ms
2016-01-07 18:35:37,173 [Stop Help Server] INFO  o.e.jetty.server.ServerConnector - Stopped ServerConnector@661e09f6{HTTP/1.1}{127.0.0.1:0}
2016-01-07 18:35:37,278 [Stop Help Server] INFO  o.e.j.server.handler.ContextHandler - Stopped o.e.j.s.ServletContextHandler@486ee98e{/help,null,UNAVAILABLE}
2016-01-12 16:18:25,529 [main] INFO  c.g.t.t.d.PublishedGradleVersions - Gradle version information cache file is out-of-date. Remote download required.
2016-01-13 19:22:32,036 [main] INFO  c.g.t.t.d.PublishedGradleVersions - Gradle version information cache file is out-of-date. Remote download required.
2016-01-14 09:50:03,566 [main] INFO  c.g.t.t.d.PublishedGradleVersions - Gradle version information cache file is not out-of-date. No remote download required.
2016-01-15 17:20:42,253 [main] INFO  c.g.t.t.d.PublishedGradleVersions - Gradle version information cache file is out-of-date. Remote download required.
2016-01-20 16:15:19,607 [main] INFO  c.g.t.t.d.PublishedGradleVersions - Gradle version information cache file is out-of-date. Remote download required.
2016-11-25 13:32:52,359 [main] INFO  c.g.t.t.d.PublishedGradleVersions - Gradle version information cache file is out-of-date. Remote download required.
2016-11-28 11:05:19,523 [main] INFO  c.g.t.t.d.PublishedGradleVersions - Gradle version information cache file is out-of-date. Remote download required.
